\BOOKMARK [0][-]{chapter.1}{\376\377\000I\000n\000t\000r\000o\000d\000u\000c\000t\000i\000o\000n}{}% 1
\BOOKMARK [0][-]{chapter.2}{\376\377\000D\000a\000t\000a\000\040\000P\000r\000e\000p\000r\000o\000c\000e\000s\000s\000i\000n\000g}{}% 2
\BOOKMARK [1][-]{section.2.1}{\376\377\000O\000v\000e\000r\000v\000i\000e\000w}{chapter.2}% 3
\BOOKMARK [1][-]{section.2.2}{\376\377\000D\000a\000t\000a\000\040\000C\000o\000r\000r\000e\000l\000a\000t\000i\000o\000n\000\040\000A\000n\000a\000l\000y\000s\000i\000s}{chapter.2}% 4
\BOOKMARK [1][-]{section.2.3}{\376\377\000F\000e\000a\000t\000u\000r\000e\000\040\000S\000e\000l\000e\000c\000t\000i\000o\000n}{chapter.2}% 5
\BOOKMARK [1][-]{section.2.4}{\376\377\000D\000a\000t\000a\000\040\000S\000p\000l\000i\000t\000t\000i\000n\000g}{chapter.2}% 6
\BOOKMARK [1][-]{section.2.5}{\376\377\000D\000a\000t\000a\000\040\000B\000a\000l\000a\000n\000c\000i\000n\000g}{chapter.2}% 7
\BOOKMARK [2][-]{subsection.2.5.1}{\376\377\000S\000M\000O\000T\000E}{section.2.5}% 8
\BOOKMARK [2][-]{subsection.2.5.2}{\376\377\000R\000a\000n\000d\000o\000m\000\040\000U\000n\000d\000e\000r\000-\000s\000a\000m\000p\000l\000i\000n\000g}{section.2.5}% 9
\BOOKMARK [0][-]{chapter.3}{\376\377\000K\000-\000N\000e\000a\000r\000e\000s\000t\000\040\000N\000e\000i\000g\000h\000b\000o\000r\000s\000\040\000\050\000K\000N\000N\000\051}{}% 10
\BOOKMARK [1][-]{section.3.1}{\376\377\000O\000v\000e\000r\000v\000i\000e\000w}{chapter.3}% 11
\BOOKMARK [1][-]{section.3.2}{\376\377\000E\000v\000a\000l\000u\000a\000t\000i\000o\000n\000\040\000M\000e\000t\000r\000i\000c\000s}{chapter.3}% 12
\BOOKMARK [1][-]{section.3.3}{\376\377\000C\000o\000n\000f\000u\000s\000i\000o\000n\000\040\000M\000a\000t\000r\000i\000x}{chapter.3}% 13
\BOOKMARK [0][-]{chapter.4}{\376\377\000S\000o\000f\000t\000m\000a\000x}{}% 14
\BOOKMARK [1][-]{section.4.1}{\376\377\000O\000v\000e\000r\000v\000i\000e\000w}{chapter.4}% 15
\BOOKMARK [1][-]{section.4.2}{\376\377\000E\000v\000a\000l\000u\000a\000t\000i\000o\000n\000\040\000M\000e\000t\000r\000i\000c\000s}{chapter.4}% 16
\BOOKMARK [1][-]{section.4.3}{\376\377\000C\000o\000n\000f\000u\000s\000i\000o\000n\000\040\000M\000a\000t\000r\000i\000x}{chapter.4}% 17
\BOOKMARK [0][-]{chapter.5}{\376\377\000N\000e\000u\000r\000a\000l\000\040\000N\000e\000t\000w\000o\000r\000k\000s}{}% 18
\BOOKMARK [1][-]{section.5.1}{\376\377\000O\000v\000e\000r\000v\000i\000e\000w}{chapter.5}% 19
\BOOKMARK [1][-]{section.5.2}{\376\377\000E\000v\000a\000l\000u\000a\000t\000i\000o\000n\000\040\000M\000e\000t\000r\000i\000c\000s}{chapter.5}% 20
\BOOKMARK [1][-]{section.5.3}{\376\377\000C\000o\000n\000f\000u\000s\000i\000o\000n\000\040\000M\000a\000t\000r\000i\000x}{chapter.5}% 21
\BOOKMARK [1][-]{section.5.4}{\376\377\000T\000e\000n\000s\000o\000r\000B\000o\000a\000r\000d\000\040\000V\000i\000s\000u\000a\000l\000i\000z\000a\000t\000i\000o\000n\000s}{chapter.5}% 22
\BOOKMARK [0][-]{chapter.6}{\376\377\000E\000v\000a\000l\000u\000a\000t\000i\000o\000n\000\040\000M\000e\000t\000r\000i\000c\000s}{}% 23
\BOOKMARK [1][-]{section.6.1}{\376\377\000C\000o\000m\000p\000a\000r\000i\000s\000o\000n\000\040\000S\000t\000r\000a\000t\000e\000g\000y}{chapter.6}% 24
\BOOKMARK [1][-]{section.6.2}{\376\377\000B\000a\000s\000e\000l\000i\000n\000e\000\040\000C\000o\000m\000p\000a\000r\000i\000s\000o\000n}{chapter.6}% 25
\BOOKMARK [1][-]{section.6.3}{\376\377\000B\000a\000l\000a\000n\000c\000e\000d\000\040\000D\000a\000t\000a\000\040\000C\000o\000m\000p\000a\000r\000i\000s\000o\000n\000\040\000\050\000S\000h\000a\000r\000e\000d\000\040\000S\000e\000t\000t\000i\000n\000g\000s\000\051}{chapter.6}% 26
\BOOKMARK [2][-]{subsection.6.3.1}{\376\377\000S\000M\000O\000T\000E\000\040\000C\000o\000m\000p\000a\000r\000i\000s\000o\000n}{section.6.3}% 27
\BOOKMARK [2][-]{subsection.6.3.2}{\376\377\000U\000n\000d\000e\000r\000-\000s\000a\000m\000p\000l\000i\000n\000g\000\040\000C\000o\000m\000p\000a\000r\000i\000s\000o\000n}{section.6.3}% 28
\BOOKMARK [1][-]{section.6.4}{\376\377\000B\000e\000s\000t\000\040\000C\000o\000n\000f\000i\000g\000u\000r\000a\000t\000i\000o\000n\000s\000\040\000b\000y\000\040\000O\000b\000j\000e\000c\000t\000i\000v\000e}{chapter.6}% 29
\BOOKMARK [1][-]{section.6.5}{\376\377\000B\000e\000s\000t\000\040\000E\000v\000a\000l\000u\000a\000t\000i\000o\000n\000\040\000M\000e\000t\000r\000i\000c\000\040\000f\000o\000r\000\040\000M\000o\000d\000e\000l\000\040\000S\000e\000l\000e\000c\000t\000i\000o\000n}{chapter.6}% 30
\BOOKMARK [0][-]{chapter.7}{\376\377\000D\000i\000s\000c\000u\000s\000s\000i\000o\000n}{}% 31
\BOOKMARK [1][-]{section.7.1}{\376\377\000B\000e\000s\000t\000\040\000M\000o\000d\000e\000l\000s}{chapter.7}% 32
\BOOKMARK [2][-]{subsection.7.1.1}{\376\377\000W\000h\000y\000\040\000T\000h\000e\000s\000e\000\040\000W\000e\000r\000e\000\040\000t\000h\000e\000\040\000B\000e\000s\000t\000\040\000M\000o\000d\000e\000l\000s}{section.7.1}% 33
\BOOKMARK [2][-]{subsection.7.1.2}{\376\377\000C\000o\000m\000p\000a\000r\000i\000s\000o\000n\000\040\000B\000e\000t\000w\000e\000e\000n\000\040\000t\000h\000e\000\040\000T\000h\000r\000e\000e\000\040\000B\000e\000s\000t\000\040\000M\000o\000d\000e\000l\000s}{section.7.1}% 34
\BOOKMARK [1][-]{section.7.2}{\376\377\000I\000m\000b\000a\000l\000a\000n\000c\000e\000\040\000H\000a\000n\000d\000l\000i\000n\000g\000\040\000E\000f\000f\000e\000c\000t\000i\000v\000e\000n\000e\000s\000s}{chapter.7}% 35
\BOOKMARK [1][-]{section.7.3}{\376\377\000I\000n\000s\000i\000g\000h\000t\000s\000\040\000a\000n\000d\000\040\000O\000b\000s\000e\000r\000v\000a\000t\000i\000o\000n\000s}{chapter.7}% 36
